0 info it worked if it ends with ok
1 verbose cli [ 'C:\\Program Files\\nodejs\\node.exe',
1 verbose cli   'C:\\Program Files\\nodejs\\node_modules\\npm\\bin\\npm-cli.js',
1 verbose cli   'i',
1 verbose cli   'google-image-searchnpm',
1 verbose cli   'i',
1 verbose cli   'google-image-search',
1 verbose cli   '--save' ]
2 info using npm@2.14.7
3 info using node@v4.2.1
4 verbose install initial load of E:\Git\sloth-bot\package.json
5 verbose installManyTop reading scoped package data from E:\Git\sloth-bot\node_modules\babel\package.json
6 verbose installManyTop reading scoped package data from E:\Git\sloth-bot\node_modules\babel-plugin-transform-minify-booleans\package.json
7 verbose installManyTop reading scoped package data from E:\Git\sloth-bot\node_modules\babel-preset-es2015\package.json
8 verbose installManyTop reading scoped package data from E:\Git\sloth-bot\node_modules\blasphemy\package.json
9 verbose installManyTop reading scoped package data from E:\Git\sloth-bot\node_modules\bluebird\package.json
10 verbose installManyTop reading scoped package data from E:\Git\sloth-bot\node_modules\chuck\package.json
11 verbose installManyTop reading scoped package data from E:\Git\sloth-bot\node_modules\cleverbot-node\package.json
12 verbose installManyTop reading scoped package data from E:\Git\sloth-bot\node_modules\codepad\package.json
13 verbose installManyTop reading scoped package data from E:\Git\sloth-bot\node_modules\concurrently\package.json
14 verbose installManyTop reading scoped package data from E:\Git\sloth-bot\node_modules\developerexcuses\package.json
15 verbose installManyTop reading scoped package data from E:\Git\sloth-bot\node_modules\eightball\package.json
16 verbose installManyTop reading scoped package data from E:\Git\sloth-bot\node_modules\google\package.json
17 verbose installManyTop reading scoped package data from E:\Git\sloth-bot\node_modules\google-images\package.json
18 verbose installManyTop reading scoped package data from E:\Git\sloth-bot\node_modules\grunt\package.json
19 verbose installManyTop reading scoped package data from E:\Git\sloth-bot\node_modules\grunt-babel\package.json
20 verbose installManyTop reading scoped package data from E:\Git\sloth-bot\node_modules\grunt-cli\package.json
21 verbose installManyTop reading scoped package data from E:\Git\sloth-bot\node_modules\grunt-concurrent\package.json
22 verbose installManyTop reading scoped package data from E:\Git\sloth-bot\node_modules\grunt-contrib-clean\package.json
23 verbose installManyTop reading scoped package data from E:\Git\sloth-bot\node_modules\grunt-contrib-copy\package.json
24 verbose installManyTop reading scoped package data from E:\Git\sloth-bot\node_modules\grunt-contrib-watch-chokidar\package.json
25 verbose installManyTop reading scoped package data from E:\Git\sloth-bot\node_modules\grunt-forever\package.json
26 verbose installManyTop reading scoped package data from E:\Git\sloth-bot\node_modules\grunt-newer\package.json
27 verbose installManyTop reading scoped package data from E:\Git\sloth-bot\node_modules\grunt-nodemon\package.json
28 verbose installManyTop reading scoped package data from E:\Git\sloth-bot\node_modules\grunt-shell\package.json
29 verbose installManyTop reading scoped package data from E:\Git\sloth-bot\node_modules\grunt-shell-spawn\package.json
30 verbose installManyTop reading scoped package data from E:\Git\sloth-bot\node_modules\ideone-npm\package.json
31 verbose installManyTop reading scoped package data from E:\Git\sloth-bot\node_modules\insultgenerator\package.json
32 verbose installManyTop reading scoped package data from E:\Git\sloth-bot\node_modules\jsbin-robot\package.json
33 verbose installManyTop reading scoped package data from E:\Git\sloth-bot\node_modules\load-grunt-tasks\package.json
34 verbose installManyTop reading scoped package data from E:\Git\sloth-bot\node_modules\lodash\package.json
35 verbose installManyTop reading scoped package data from E:\Git\sloth-bot\node_modules\lodash-deep\package.json
36 verbose installManyTop reading scoped package data from E:\Git\sloth-bot\node_modules\lokijs\package.json
37 verbose installManyTop reading scoped package data from E:\Git\sloth-bot\node_modules\moment\package.json
38 verbose installManyTop reading scoped package data from E:\Git\sloth-bot\node_modules\needle\package.json
39 verbose installManyTop reading scoped package data from E:\Git\sloth-bot\node_modules\nodemon\package.json
40 verbose installManyTop reading scoped package data from E:\Git\sloth-bot\node_modules\prompt\package.json
41 verbose installManyTop reading scoped package data from E:\Git\sloth-bot\node_modules\shakespeare-insult\package.json
42 verbose installManyTop reading scoped package data from E:\Git\sloth-bot\node_modules\slack-client\package.json
43 verbose installManyTop reading scoped package data from E:\Git\sloth-bot\node_modules\steamid\package.json
44 verbose installManyTop reading scoped package data from E:\Git\sloth-bot\node_modules\urban\package.json
45 verbose installManyTop reading scoped package data from E:\Git\sloth-bot\node_modules\youtube-node\package.json
46 info package.json blasphemy@0.0.2 license should be a valid SPDX license expression
47 info package.json chuck@0.0.4 No license field.
48 info package.json codepad@0.1.1 No README data
49 info package.json codepad@0.1.1 No license field.
50 info package.json developerexcuses@0.0.1 No license field.
51 info package.json grunt@0.4.5 No license field.
52 info package.json grunt-cli@0.1.13 No license field.
53 info package.json grunt-contrib-watch-chokidar@1.0.0 No license field.
54 info package.json grunt-shell-spawn@0.3.10 No license field.
55 info package.json prompt@0.2.14 No license field.
56 info package.json cleverbot-node@0.2.1 No license field.
57 info package.json google-images@0.1.4 No repository field.
58 info package.json google-images@0.1.4 No license field.
59 info package.json grunt-forever@0.4.7 No license field.
60 info package.json jsbin-robot@0.1.0 No repository field.
61 info package.json shakespeare-insult@1.0.0 No license field.
62 info package.json urban@0.3.0 No license field.
63 info package.json slack-client@1.4.1 No license field.
64 info package.json youtube-node@1.3.0 No license field.
65 verbose readDependencies loading dependencies from E:\Git\sloth-bot\package.json
66 silly cache add args [ 'google-image-searchnpm', null ]
67 verbose cache add spec google-image-searchnpm
68 silly cache add args [ 'i', null ]
69 verbose cache add spec i
70 silly cache add args [ 'google-image-search', null ]
71 verbose cache add spec google-image-search
72 silly cache add parsed spec Result {
72 silly cache add   raw: 'google-image-searchnpm',
72 silly cache add   scope: null,
72 silly cache add   name: 'google-image-searchnpm',
72 silly cache add   rawSpec: '',
72 silly cache add   spec: '*',
72 silly cache add   type: 'range' }
73 silly addNamed google-image-searchnpm@*
74 verbose addNamed "*" is a valid semver range for google-image-searchnpm
75 silly addNameRange { name: 'google-image-searchnpm', range: '*', hasData: false }
76 silly mapToRegistry name google-image-searchnpm
77 silly mapToRegistry using default registry
78 silly mapToRegistry registry https://registry.npmjs.org/
79 silly mapToRegistry uri https://registry.npmjs.org/google-image-searchnpm
80 verbose addNameRange registry:https://registry.npmjs.org/google-image-searchnpm not in flight; fetching
81 silly cache add parsed spec Result {
81 silly cache add   raw: 'i',
81 silly cache add   scope: null,
81 silly cache add   name: 'i',
81 silly cache add   rawSpec: '',
81 silly cache add   spec: '*',
81 silly cache add   type: 'range' }
82 silly addNamed i@*
83 verbose addNamed "*" is a valid semver range for i
84 silly addNameRange { name: 'i', range: '*', hasData: false }
85 silly mapToRegistry name i
86 silly mapToRegistry using default registry
87 silly mapToRegistry registry https://registry.npmjs.org/
88 silly mapToRegistry uri https://registry.npmjs.org/i
89 verbose addNameRange registry:https://registry.npmjs.org/i not in flight; fetching
90 silly cache add parsed spec Result {
90 silly cache add   raw: 'google-image-search',
90 silly cache add   scope: null,
90 silly cache add   name: 'google-image-search',
90 silly cache add   rawSpec: '',
90 silly cache add   spec: '*',
90 silly cache add   type: 'range' }
91 silly addNamed google-image-search@*
92 verbose addNamed "*" is a valid semver range for google-image-search
93 silly addNameRange { name: 'google-image-search', range: '*', hasData: false }
94 silly mapToRegistry name google-image-search
95 silly mapToRegistry using default registry
96 silly mapToRegistry registry https://registry.npmjs.org/
97 silly mapToRegistry uri https://registry.npmjs.org/google-image-search
98 verbose addNameRange registry:https://registry.npmjs.org/google-image-search not in flight; fetching
99 verbose request uri https://registry.npmjs.org/google-image-searchnpm
100 verbose request no auth needed
101 info attempt registry request try #1 at 11:40:57 PM
102 verbose request using bearer token for auth
103 verbose request id 103c6bfd9f23d504
104 http request GET https://registry.npmjs.org/google-image-searchnpm
105 verbose request uri https://registry.npmjs.org/google-image-search
106 verbose request no auth needed
107 info attempt registry request try #1 at 11:40:57 PM
108 verbose request using bearer token for auth
109 http request GET https://registry.npmjs.org/google-image-search
110 verbose request uri https://registry.npmjs.org/i
111 verbose request no auth needed
112 info attempt registry request try #1 at 11:40:57 PM
113 verbose request using bearer token for auth
114 verbose etag "5OCZEPFASPLLY9KKP3MWLHGYO"
115 http request GET https://registry.npmjs.org/i
116 http 404 https://registry.npmjs.org/google-image-searchnpm
117 verbose headers { 'content-type': 'application/json',
117 verbose headers   'cache-control': 'max-age=0',
117 verbose headers   'content-length': '2',
117 verbose headers   'accept-ranges': 'bytes',
117 verbose headers   date: 'Thu, 03 Dec 2015 07:40:49 GMT',
117 verbose headers   via: '1.1 varnish',
117 verbose headers   connection: 'keep-alive',
117 verbose headers   'x-served-by': 'cache-lax1433-LAX',
117 verbose headers   'x-cache': 'MISS',
117 verbose headers   'x-cache-hits': '0',
117 verbose headers   'x-timer': 'S1449128449.700246,VS0,VE50' }
118 silly get cb [ 404,
118 silly get   { 'content-type': 'application/json',
118 silly get     'cache-control': 'max-age=0',
118 silly get     'content-length': '2',
118 silly get     'accept-ranges': 'bytes',
118 silly get     date: 'Thu, 03 Dec 2015 07:40:49 GMT',
118 silly get     via: '1.1 varnish',
118 silly get     connection: 'keep-alive',
118 silly get     'x-served-by': 'cache-lax1433-LAX',
118 silly get     'x-cache': 'MISS',
118 silly get     'x-cache-hits': '0',
118 silly get     'x-timer': 'S1449128449.700246,VS0,VE50' } ]
119 http 304 https://registry.npmjs.org/i
120 verbose headers { 'cache-control': 'max-age=60',
120 verbose headers   'accept-ranges': 'bytes',
120 verbose headers   date: 'Thu, 03 Dec 2015 07:40:49 GMT',
120 verbose headers   via: '1.1 varnish',
120 verbose headers   connection: 'keep-alive',
120 verbose headers   'x-served-by': 'cache-lax1427-LAX',
120 verbose headers   'x-cache': 'MISS',
120 verbose headers   'x-cache-hits': '0',
120 verbose headers   'x-timer': 'S1449128449.704605,VS0,VE76' }
121 silly get cb [ 304,
121 silly get   { 'cache-control': 'max-age=60',
121 silly get     'accept-ranges': 'bytes',
121 silly get     date: 'Thu, 03 Dec 2015 07:40:49 GMT',
121 silly get     via: '1.1 varnish',
121 silly get     connection: 'keep-alive',
121 silly get     'x-served-by': 'cache-lax1427-LAX',
121 silly get     'x-cache': 'MISS',
121 silly get     'x-cache-hits': '0',
121 silly get     'x-timer': 'S1449128449.704605,VS0,VE76' } ]
122 verbose etag https://registry.npmjs.org/i from cache
123 verbose get saving i to C:\Users\Louie\AppData\Roaming\npm-cache\registry.npmjs.org\i\.cache.json
124 silly addNameRange number 2 { name: 'i', range: '*', hasData: true }
125 silly addNameRange versions [ 'i', [ '0.2.0', '0.3.0', '0.3.1', '0.3.3' ] ]
126 silly addNamed i@0.3.3
127 verbose addNamed "0.3.3" is a plain semver version for i
128 silly cache afterAdd i@0.3.3
129 verbose afterAdd C:\Users\Louie\AppData\Roaming\npm-cache\i\0.3.3\package\package.json not in flight; writing
130 verbose afterAdd C:\Users\Louie\AppData\Roaming\npm-cache\i\0.3.3\package\package.json written
131 http 200 https://registry.npmjs.org/google-image-search
132 verbose headers { server: 'CouchDB/1.5.0 (Erlang OTP/R16B03)',
132 verbose headers   etag: '"66FQG2EBLN76RKY8UH7HI6888"',
132 verbose headers   'content-type': 'application/json',
132 verbose headers   'cache-control': 'max-age=60',
132 verbose headers   'content-length': '1981',
132 verbose headers   'accept-ranges': 'bytes',
132 verbose headers   date: 'Thu, 03 Dec 2015 07:40:50 GMT',
132 verbose headers   via: '1.1 varnish',
132 verbose headers   connection: 'keep-alive',
132 verbose headers   'x-served-by': 'cache-lax1434-LAX',
132 verbose headers   'x-cache': 'MISS',
132 verbose headers   'x-cache-hits': '0',
132 verbose headers   'x-timer': 'S1449128449.704517,VS0,VE312',
132 verbose headers   vary: 'Accept' }
133 silly get cb [ 200,
133 silly get   { server: 'CouchDB/1.5.0 (Erlang OTP/R16B03)',
133 silly get     etag: '"66FQG2EBLN76RKY8UH7HI6888"',
133 silly get     'content-type': 'application/json',
133 silly get     'cache-control': 'max-age=60',
133 silly get     'content-length': '1981',
133 silly get     'accept-ranges': 'bytes',
133 silly get     date: 'Thu, 03 Dec 2015 07:40:50 GMT',
133 silly get     via: '1.1 varnish',
133 silly get     connection: 'keep-alive',
133 silly get     'x-served-by': 'cache-lax1434-LAX',
133 silly get     'x-cache': 'MISS',
133 silly get     'x-cache-hits': '0',
133 silly get     'x-timer': 'S1449128449.704517,VS0,VE312',
133 silly get     vary: 'Accept' } ]
134 verbose get saving google-image-search to C:\Users\Louie\AppData\Roaming\npm-cache\registry.npmjs.org\google-image-search\.cache.json
135 silly addNameRange number 2 { name: 'google-image-search', range: '*', hasData: true }
136 silly addNameRange versions [ 'google-image-search', [ '0.1.0' ] ]
137 silly addNamed google-image-search@0.1.0
138 verbose addNamed "0.1.0" is a plain semver version for google-image-search
139 silly mapToRegistry name google-image-search
140 silly mapToRegistry using default registry
141 silly mapToRegistry registry https://registry.npmjs.org/
142 silly mapToRegistry uri https://registry.npmjs.org/google-image-search
143 verbose addRemoteTarball https://registry.npmjs.org/google-image-search/-/google-image-search-0.1.0.tgz not in flight; adding
144 verbose addRemoteTarball [ 'https://registry.npmjs.org/google-image-search/-/google-image-search-0.1.0.tgz',
144 verbose addRemoteTarball   '66d9c47d6f157223cd5576113b7a64ee3b0c62f2' ]
145 info retry fetch attempt 1 at 11:40:57 PM
146 info attempt registry request try #1 at 11:40:57 PM
147 http fetch GET https://registry.npmjs.org/google-image-search/-/google-image-search-0.1.0.tgz
148 verbose request using bearer token for auth
149 http fetch 200 https://registry.npmjs.org/google-image-search/-/google-image-search-0.1.0.tgz
150 silly fetchAndShaCheck shasum 66d9c47d6f157223cd5576113b7a64ee3b0c62f2
151 verbose addTmpTarball C:\Users\Louie\AppData\Local\Temp\npm-8188-9b566aab\registry.npmjs.org\google-image-search\-\google-image-search-0.1.0.tgz not in flight; adding
152 verbose addTmpTarball already have metadata; skipping unpack for google-image-search@0.1.0
153 silly cache afterAdd google-image-search@0.1.0
154 verbose afterAdd C:\Users\Louie\AppData\Roaming\npm-cache\google-image-search\0.1.0\package\package.json not in flight; writing
155 verbose afterAdd C:\Users\Louie\AppData\Roaming\npm-cache\google-image-search\0.1.0\package\package.json written
156 verbose stack Error: Registry returned 404 for GET on https://registry.npmjs.org/google-image-searchnpm
156 verbose stack     at makeError (C:\Program Files\nodejs\node_modules\npm\node_modules\npm-registry-client\lib\request.js:264:12)
156 verbose stack     at CachingRegistryClient.<anonymous> (C:\Program Files\nodejs\node_modules\npm\node_modules\npm-registry-client\lib\request.js:242:14)
156 verbose stack     at Request._callback (C:\Program Files\nodejs\node_modules\npm\node_modules\npm-registry-client\lib\request.js:172:14)
156 verbose stack     at Request.self.callback (C:\Program Files\nodejs\node_modules\npm\node_modules\request\request.js:198:22)
156 verbose stack     at emitTwo (events.js:87:13)
156 verbose stack     at Request.emit (events.js:172:7)
156 verbose stack     at Request.<anonymous> (C:\Program Files\nodejs\node_modules\npm\node_modules\request\request.js:1063:14)
156 verbose stack     at emitOne (events.js:82:20)
156 verbose stack     at Request.emit (events.js:169:7)
156 verbose stack     at IncomingMessage.<anonymous> (C:\Program Files\nodejs\node_modules\npm\node_modules\request\request.js:1009:12)
157 verbose statusCode 404
158 verbose pkgid google-image-searchnpm
159 verbose cwd E:\Git\sloth-bot
160 error Windows_NT 10.0.10240
161 error argv "C:\\Program Files\\nodejs\\node.exe" "C:\\Program Files\\nodejs\\node_modules\\npm\\bin\\npm-cli.js" "i" "google-image-searchnpm" "i" "google-image-search" "--save"
162 error node v4.2.1
163 error npm  v2.14.7
164 error code E404
165 error 404 Registry returned 404 for GET on https://registry.npmjs.org/google-image-searchnpm
165 error 404
165 error 404 'google-image-searchnpm' is not in the npm registry.
165 error 404 You should bug the author to publish it (or use the name yourself!)
165 error 404 It was specified as a dependency of 'sloth-bot'
165 error 404
165 error 404 Note that you can also install from a
165 error 404 tarball, folder, http url, or git url.
166 verbose exit [ 1, true ]
